0 info it worked if it ends with ok
1 verbose cli [ 'node', '/usr/local/bin/npm', 'install' ]
2 info using npm@2.10.1
3 info using node@v0.12.4
4 verbose readDependencies loading dependencies from /Applications/MAMP/htdocs/DRAFT/metalsmith/examples/jekyll - copie/package.json
5 verbose install where, deps [ '/Applications/MAMP/htdocs/DRAFT/metalsmith/examples/jekyll - copie',
5 verbose install   [ 'metalsmith-drafts',
5 verbose install     'metalsmith-templates',
5 verbose install     'metalsmith-markdown',
5 verbose install     'metalsmith-permalinks',
5 verbose install     'swig',
5 verbose install     'metalsmith' ] ]
6 verbose install where, peers [ '/Applications/MAMP/htdocs/DRAFT/metalsmith/examples/jekyll - copie',
6 verbose install   [] ]
7 verbose installManyTop reading for lifecycle /Applications/MAMP/htdocs/DRAFT/metalsmith/examples/jekyll - copie/package.json
8 info preinstall jekyll-example@
9 verbose installManyTop reading scoped package data from /Applications/MAMP/htdocs/DRAFT/metalsmith/examples/jekyll - copie/node_modules/metalsmith/package.json
10 verbose installManyTop reading scoped package data from /Applications/MAMP/htdocs/DRAFT/metalsmith/examples/jekyll - copie/node_modules/metalsmith-drafts/package.json
11 verbose installManyTop reading scoped package data from /Applications/MAMP/htdocs/DRAFT/metalsmith/examples/jekyll - copie/node_modules/metalsmith-markdown/package.json
12 verbose installManyTop reading scoped package data from /Applications/MAMP/htdocs/DRAFT/metalsmith/examples/jekyll - copie/node_modules/metalsmith-templates/package.json
13 verbose installManyTop reading scoped package data from /Applications/MAMP/htdocs/DRAFT/metalsmith/examples/jekyll - copie/node_modules/swig/package.json
14 verbose readDependencies loading dependencies from /Applications/MAMP/htdocs/DRAFT/metalsmith/examples/jekyll - copie/package.json
15 verbose targetResolver reading package data from /Applications/MAMP/htdocs/DRAFT/metalsmith/examples/jekyll - copie/node_modules/metalsmith/package.json
16 verbose targetResolver reading package data from /Applications/MAMP/htdocs/DRAFT/metalsmith/examples/jekyll - copie/node_modules/metalsmith-drafts/package.json
17 verbose targetResolver reading package data from /Applications/MAMP/htdocs/DRAFT/metalsmith/examples/jekyll - copie/node_modules/metalsmith-markdown/package.json
18 verbose targetResolver reading package data from /Applications/MAMP/htdocs/DRAFT/metalsmith/examples/jekyll - copie/node_modules/metalsmith-templates/package.json
19 verbose targetResolver reading package data from /Applications/MAMP/htdocs/DRAFT/metalsmith/examples/jekyll - copie/node_modules/swig/package.json
20 verbose targetResolver reading package data from /Applications/MAMP/htdocs/DRAFT/metalsmith/examples/jekyll - copie/node_modules/.bin/metalsmith/package.json
21 verbose targetResolver reading package data from /Applications/MAMP/htdocs/DRAFT/metalsmith/examples/jekyll - copie/node_modules/.bin/swig/package.json
22 verbose already installed skipping metalsmith-templates@^0.6.1 /Applications/MAMP/htdocs/DRAFT/metalsmith/examples/jekyll - copie
23 verbose already installed skipping metalsmith-markdown@^0.2.1 /Applications/MAMP/htdocs/DRAFT/metalsmith/examples/jekyll - copie
24 silly cache add args [ 'metalsmith-permalinks@^0.1.0', null ]
25 verbose cache add spec metalsmith-permalinks@^0.1.0
26 silly cache add parsed spec { raw: 'metalsmith-permalinks@^0.1.0',
26 silly cache add   scope: null,
26 silly cache add   name: 'metalsmith-permalinks',
26 silly cache add   rawSpec: '^0.1.0',
26 silly cache add   spec: '>=0.1.0 <0.2.0',
26 silly cache add   type: 'range' }
27 silly addNamed metalsmith-permalinks@>=0.1.0 <0.2.0
28 verbose addNamed ">=0.1.0 <0.2.0" is a valid semver range for metalsmith-permalinks
29 silly addNameRange { name: 'metalsmith-permalinks',
29 silly addNameRange   range: '>=0.1.0 <0.2.0',
29 silly addNameRange   hasData: false }
30 silly mapToRegistry name metalsmith-permalinks
31 silly mapToRegistry using default registry
32 silly mapToRegistry registry https://registry.npmjs.org/
33 silly mapToRegistry uri https://registry.npmjs.org/metalsmith-permalinks
34 verbose addNameRange registry:https://registry.npmjs.org/metalsmith-permalinks not in flight; fetching
35 verbose already installed skipping swig@^1.3.2 /Applications/MAMP/htdocs/DRAFT/metalsmith/examples/jekyll - copie
36 verbose already installed skipping metalsmith@^1.0.0 /Applications/MAMP/htdocs/DRAFT/metalsmith/examples/jekyll - copie
37 verbose already installed skipping metalsmith-drafts@0.0.1 /Applications/MAMP/htdocs/DRAFT/metalsmith/examples/jekyll - copie
38 verbose request uri https://registry.npmjs.org/metalsmith-permalinks
39 verbose request no auth needed
40 info attempt registry request try #1 at 15:58:39
41 verbose request id a04f4671c4769b1b
42 verbose etag "QMFFDVTB2KKMYODAPST66MPC"
43 http request GET https://registry.npmjs.org/metalsmith-permalinks
44 http 304 https://registry.npmjs.org/metalsmith-permalinks
45 silly get cb [ 304,
45 silly get   { date: 'Fri, 05 Jun 2015 13:58:38 GMT',
45 silly get     via: '1.1 varnish',
45 silly get     'cache-control': 'max-age=60',
45 silly get     etag: '"QMFFDVTB2KKMYODAPST66MPC"',
45 silly get     age: '0',
45 silly get     connection: 'keep-alive',
45 silly get     'x-served-by': 'cache-ams4133-AMS',
45 silly get     'x-cache': 'MISS',
45 silly get     'x-cache-hits': '0',
45 silly get     'x-timer': 'S1433512718.324077,VS0,VE323',
45 silly get     vary: 'Accept' } ]
46 verbose etag https://registry.npmjs.org/metalsmith-permalinks from cache
47 verbose get saving metalsmith-permalinks to /Users/Vincent/.npm/registry.npmjs.org/metalsmith-permalinks/.cache.json
48 silly addNameRange number 2 { name: 'metalsmith-permalinks',
48 silly addNameRange   range: '>=0.1.0 <0.2.0',
48 silly addNameRange   hasData: true }
49 silly addNameRange versions [ 'metalsmith-permalinks',
49 silly addNameRange   [ '0.0.1',
49 silly addNameRange     '0.0.2',
49 silly addNameRange     '0.1.0',
49 silly addNameRange     '0.1.1',
49 silly addNameRange     '0.1.2',
49 silly addNameRange     '0.1.3',
49 silly addNameRange     '0.2.0',
49 silly addNameRange     '0.2.1',
49 silly addNameRange     '0.2.2',
49 silly addNameRange     '0.3.0',
49 silly addNameRange     '0.3.1',
49 silly addNameRange     '0.3.2',
49 silly addNameRange     '0.4.0' ] ]
50 silly addNamed metalsmith-permalinks@0.1.3
51 verbose addNamed "0.1.3" is a plain semver version for metalsmith-permalinks
52 silly cache afterAdd metalsmith-permalinks@0.1.3
53 verbose afterAdd /Users/Vincent/.npm/metalsmith-permalinks/0.1.3/package/package.json not in flight; writing
54 verbose afterAdd /Users/Vincent/.npm/metalsmith-permalinks/0.1.3/package/package.json written
55 silly install resolved [ { name: 'metalsmith-permalinks',
55 silly install resolved     description: 'A metalsmith plugin for permalinks.',
55 silly install resolved     repository:
55 silly install resolved      { type: 'git',
55 silly install resolved        url: 'git://github.com/segmentio/metalsmith-permalinks.git' },
55 silly install resolved     version: '0.1.3',
55 silly install resolved     license: 'MIT',
55 silly install resolved     main: 'lib/index.js',
55 silly install resolved     dependencies:
55 silly install resolved      { substitute: 'git://github.com/segmentio/substitute.git#0.0.1',
55 silly install resolved        'slug-component': '~1.1.0',
55 silly install resolved        debug: '~0.7.4' },
55 silly install resolved     devDependencies: { mocha: '1.x', metalsmith: '0.x', 'assert-dir-equal': '0.0.1' },
55 silly install resolved     bugs: { url: 'https://github.com/segmentio/metalsmith-permalinks/issues' },
55 silly install resolved     homepage: 'https://github.com/segmentio/metalsmith-permalinks',
55 silly install resolved     _id: 'metalsmith-permalinks@0.1.3',
55 silly install resolved     dist:
55 silly install resolved      { shasum: '2e206c2f431be6d89ee00f92d0a99a5a57b3fa6f',
55 silly install resolved        tarball: 'http://registry.npmjs.org/metalsmith-permalinks/-/metalsmith-permalinks-0.1.3.tgz' },
55 silly install resolved     _from: 'metalsmith-permalinks@>=0.1.0 <0.2.0',
55 silly install resolved     _npmVersion: '1.4.4',
55 silly install resolved     _npmUser: { name: 'segmentio', email: 'team@segment.io' },
55 silly install resolved     maintainers: [ [Object], [Object] ],
55 silly install resolved     directories: {},
55 silly install resolved     _shasum: '2e206c2f431be6d89ee00f92d0a99a5a57b3fa6f',
55 silly install resolved     _resolved: 'https://registry.npmjs.org/metalsmith-permalinks/-/metalsmith-permalinks-0.1.3.tgz',
55 silly install resolved     readme: 'ERROR: No README data found!' } ]
56 info install metalsmith-permalinks@0.1.3 into /Applications/MAMP/htdocs/DRAFT/metalsmith/examples/jekyll - copie
57 info installOne metalsmith-permalinks@0.1.3
58 verbose installOne of metalsmith-permalinks to /Applications/MAMP/htdocs/DRAFT/metalsmith/examples/jekyll - copie not in flight; installing
59 verbose lock using /Users/Vincent/.npm/_locks/metalsmith-permalinks-36aa1630dd2d6a82.lock for /Applications/MAMP/htdocs/DRAFT/metalsmith/examples/jekyll - copie/node_modules/metalsmith-permalinks
60 silly install write writing metalsmith-permalinks 0.1.3 to /Applications/MAMP/htdocs/DRAFT/metalsmith/examples/jekyll - copie/node_modules/metalsmith-permalinks
61 verbose unbuild node_modules/metalsmith-permalinks
62 silly gentlyRm /Applications/MAMP/htdocs/DRAFT/metalsmith/examples/jekyll - copie/node_modules/metalsmith-permalinks is being purged from base /Applications/MAMP/htdocs/DRAFT/metalsmith/examples/jekyll - copie
63 verbose gentlyRm don't care about contents; nuking /Applications/MAMP/htdocs/DRAFT/metalsmith/examples/jekyll - copie/node_modules/metalsmith-permalinks
64 verbose tar unpack /Users/Vincent/.npm/metalsmith-permalinks/0.1.3/package.tgz
65 verbose tar unpacking to /Applications/MAMP/htdocs/DRAFT/metalsmith/examples/jekyll - copie/node_modules/metalsmith-permalinks
66 silly gentlyRm /Applications/MAMP/htdocs/DRAFT/metalsmith/examples/jekyll - copie/node_modules/metalsmith-permalinks is being purged
67 verbose gentlyRm don't care about contents; nuking /Applications/MAMP/htdocs/DRAFT/metalsmith/examples/jekyll - copie/node_modules/metalsmith-permalinks
68 silly gunzTarPerm modes [ '755', '644' ]
69 silly gunzTarPerm extractEntry package.json
70 silly gunzTarPerm extractEntry .npmignore
71 silly gunzTarPerm extractEntry History.md
72 silly gunzTarPerm extractEntry Makefile
73 silly gunzTarPerm extractEntry Readme.md
74 silly gunzTarPerm extractEntry lib/index.js
75 silly gunzTarPerm extractEntry test/index.js
76 silly gunzTarPerm extractEntry test/fixtures/no-pattern/build/index.html
77 silly gunzTarPerm extractEntry test/fixtures/no-pattern/build/post/index.html
78 silly gunzTarPerm extractEntry test/fixtures/no-pattern/expected/index.html
79 silly gunzTarPerm extractEntry test/fixtures/no-pattern/expected/post/index.html
80 silly gunzTarPerm extractEntry test/fixtures/no-pattern/src/index.html
81 silly gunzTarPerm extractEntry test/fixtures/no-pattern/src/post.html
82 silly gunzTarPerm extractEntry test/fixtures/pattern/build/index.html
83 silly gunzTarPerm extractEntry test/fixtures/pattern/build/one-post/index.html
84 silly gunzTarPerm extractEntry test/fixtures/pattern/expected/index.html
85 silly gunzTarPerm extractEntry test/fixtures/pattern/expected/one-post/index.html
86 silly gunzTarPerm extractEntry test/fixtures/pattern/src/index.html
87 silly gunzTarPerm extractEntry test/fixtures/pattern/src/one.html
88 silly gunzTarPerm extractEntry test/fixtures/relative/build/image.jpg
89 silly gunzTarPerm extractEntry test/fixtures/relative/build/post/image.jpg
90 silly gunzTarPerm extractEntry test/fixtures/relative/build/post/index.html
91 silly gunzTarPerm extractEntry test/fixtures/relative/expected/image.jpg
92 silly gunzTarPerm extractEntry test/fixtures/relative/expected/post/image.jpg
93 silly gunzTarPerm extractEntry test/fixtures/relative/expected/post/index.html
94 silly gunzTarPerm extractEntry test/fixtures/relative/src/image.jpg
95 silly gunzTarPerm extractEntry test/fixtures/relative/src/post.html
96 silly gunzTarPerm extractEntry test/fixtures/relative-pattern/build/image.jpg
97 silly gunzTarPerm extractEntry test/fixtures/relative-pattern/build/something-else/image.jpg
98 silly gunzTarPerm extractEntry test/fixtures/relative-pattern/build/something-else/index.html
99 silly gunzTarPerm extractEntry test/fixtures/relative-pattern/expected/image.jpg
100 silly gunzTarPerm extractEntry test/fixtures/relative-pattern/expected/something-else/image.jpg
101 silly gunzTarPerm extractEntry test/fixtures/relative-pattern/expected/something-else/index.html
102 silly gunzTarPerm extractEntry test/fixtures/relative-pattern/src/image.jpg
103 silly gunzTarPerm extractEntry test/fixtures/relative-pattern/src/post.html
104 silly gunzTarPerm extractEntry test/fixtures/shorthand/build/index.html
105 silly gunzTarPerm extractEntry test/fixtures/shorthand/build/one-post/index.html
106 silly gunzTarPerm extractEntry test/fixtures/shorthand/expected/index.html
107 silly gunzTarPerm extractEntry test/fixtures/shorthand/expected/one-post/index.html
108 silly gunzTarPerm extractEntry test/fixtures/shorthand/src/index.html
109 silly gunzTarPerm extractEntry test/fixtures/shorthand/src/one.html
110 verbose write writing to /Applications/MAMP/htdocs/DRAFT/metalsmith/examples/jekyll - copie/node_modules/metalsmith-permalinks/package.json
111 info preinstall metalsmith-permalinks@0.1.3
112 verbose readDependencies loading dependencies from /Applications/MAMP/htdocs/DRAFT/metalsmith/examples/jekyll - copie/node_modules/metalsmith-permalinks/package.json
113 silly prepareForInstallMany adding substitute@git://github.com/segmentio/substitute.git#0.0.1 from metalsmith-permalinks dependencies
114 silly prepareForInstallMany adding slug-component@~1.1.0 from metalsmith-permalinks dependencies
115 silly prepareForInstallMany adding debug@~0.7.4 from metalsmith-permalinks dependencies
116 verbose readDependencies loading dependencies from /Applications/MAMP/htdocs/DRAFT/metalsmith/examples/jekyll - copie/node_modules/metalsmith-permalinks/package.json
117 silly cache add args [ 'slug-component@~1.1.0', null ]
118 verbose cache add spec slug-component@~1.1.0
119 silly cache add parsed spec { raw: 'slug-component@~1.1.0',
119 silly cache add   scope: null,
119 silly cache add   name: 'slug-component',
119 silly cache add   rawSpec: '~1.1.0',
119 silly cache add   spec: '>=1.1.0 <1.2.0',
119 silly cache add   type: 'range' }
120 silly addNamed slug-component@>=1.1.0 <1.2.0
121 verbose addNamed ">=1.1.0 <1.2.0" is a valid semver range for slug-component
122 silly addNameRange { name: 'slug-component',
122 silly addNameRange   range: '>=1.1.0 <1.2.0',
122 silly addNameRange   hasData: false }
123 silly mapToRegistry name slug-component
124 silly mapToRegistry using default registry
125 silly mapToRegistry registry https://registry.npmjs.org/
126 silly mapToRegistry uri https://registry.npmjs.org/slug-component
127 verbose addNameRange registry:https://registry.npmjs.org/slug-component not in flight; fetching
128 silly cache add args [ 'debug@~0.7.4', null ]
129 verbose cache add spec debug@~0.7.4
130 silly cache add parsed spec { raw: 'debug@~0.7.4',
130 silly cache add   scope: null,
130 silly cache add   name: 'debug',
130 silly cache add   rawSpec: '~0.7.4',
130 silly cache add   spec: '>=0.7.4 <0.8.0',
130 silly cache add   type: 'range' }
131 silly addNamed debug@>=0.7.4 <0.8.0
132 verbose addNamed ">=0.7.4 <0.8.0" is a valid semver range for debug
133 silly addNameRange { name: 'debug', range: '>=0.7.4 <0.8.0', hasData: false }
134 silly mapToRegistry name debug
135 silly mapToRegistry using default registry
136 silly mapToRegistry registry https://registry.npmjs.org/
137 silly mapToRegistry uri https://registry.npmjs.org/debug
138 verbose addNameRange registry:https://registry.npmjs.org/debug not in flight; fetching
139 silly cache add args [ 'substitute@git://github.com/segmentio/substitute.git#0.0.1',
139 silly cache add   null ]
140 verbose cache add spec substitute@git://github.com/segmentio/substitute.git#0.0.1
141 silly cache add parsed spec { raw: 'substitute@git://github.com/segmentio/substitute.git#0.0.1',
141 silly cache add   scope: null,
141 silly cache add   name: 'substitute',
141 silly cache add   rawSpec: 'git://github.com/segmentio/substitute.git#0.0.1',
141 silly cache add   spec: 'git://github.com/segmentio/substitute.git#0.0.1',
141 silly cache add   type: 'hosted',
141 silly cache add   hosted:
141 silly cache add    { type: 'github',
141 silly cache add      ssh: 'git@github.com:segmentio/substitute.git#0.0.1',
141 silly cache add      sshUrl: 'git+ssh://git@github.com/segmentio/substitute.git#0.0.1',
141 silly cache add      httpsUrl: 'git+https://github.com/segmentio/substitute.git#0.0.1',
141 silly cache add      gitUrl: 'git://github.com/segmentio/substitute.git#0.0.1',
141 silly cache add      shortcut: 'github:segmentio/substitute#0.0.1',
141 silly cache add      directUrl: 'https://raw.githubusercontent.com/segmentio/substitute/0.0.1/package.json' } }
142 verbose addRemoteGit caching git://github.com/segmentio/substitute.git#0.0.1
143 verbose addRemoteGit git://github.com/segmentio/substitute.git#0.0.1 is a repository hosted by github
144 silly tryClone cloning git://github.com/segmentio/substitute.git#0.0.1 via git://github.com/segmentio/substitute.git#0.0.1
145 verbose tryClone git-github-com-segmentio-substitute-git-af936ea6 not in flight; caching
146 verbose request uri https://registry.npmjs.org/slug-component
147 verbose request no auth needed
148 info attempt registry request try #1 at 15:58:40
149 verbose etag "5B8AWDZSXRA5L49ACGJLV0AUX"
150 http request GET https://registry.npmjs.org/slug-component
151 verbose request uri https://registry.npmjs.org/debug
152 verbose request no auth needed
153 info attempt registry request try #1 at 15:58:40
154 verbose etag "191JSFLN4OVEGCN2WQI5GS2RG"
155 http request GET https://registry.npmjs.org/debug
156 info git [ 'clone',
156 info git   '--template=/Users/Vincent/.npm/_git-remotes/_templates',
156 info git   '--mirror',
156 info git   'git://github.com/segmentio/substitute.git',
156 info git   '/Users/Vincent/.npm/_git-remotes/git-github-com-segmentio-substitute-git-af936ea6' ]
157 http 304 https://registry.npmjs.org/debug
158 silly get cb [ 304,
158 silly get   { date: 'Fri, 05 Jun 2015 13:58:39 GMT',
158 silly get     via: '1.1 varnish',
158 silly get     'cache-control': 'max-age=60',
158 silly get     etag: '"191JSFLN4OVEGCN2WQI5GS2RG"',
158 silly get     age: '2',
158 silly get     connection: 'keep-alive',
158 silly get     'x-served-by': 'cache-ams4130-AMS',
158 silly get     'x-cache': 'HIT',
158 silly get     'x-cache-hits': '2',
158 silly get     'x-timer': 'S1433512719.507922,VS0,VE0',
158 silly get     vary: 'Accept' } ]
159 verbose etag https://registry.npmjs.org/debug from cache
160 verbose get saving debug to /Users/Vincent/.npm/registry.npmjs.org/debug/.cache.json
161 error git clone --template=/Users/Vincent/.npm/_git-remotes/_templates --mirror git://github.com/segmentio/substitute.git /Users/Vincent/.npm/_git-remotes/git-github-com-segmentio-substitute-git-af936ea6: Cloning into bare repository '/Users/Vincent/.npm/_git-remotes/git-github-com-segmentio-substitute-git-af936ea6'...
161 error git clone --template=/Users/Vincent/.npm/_git-remotes/_templates --mirror git://github.com/segmentio/substitute.git /Users/Vincent/.npm/_git-remotes/git-github-com-segmentio-substitute-git-af936ea6: fatal: unable to connect to github.com:
161 error git clone --template=/Users/Vincent/.npm/_git-remotes/_templates --mirror git://github.com/segmentio/substitute.git /Users/Vincent/.npm/_git-remotes/git-github-com-segmentio-substitute-git-af936ea6: github.com[0: 192.30.252.130]: errno=Connection refused
162 silly addNameRange number 2 { name: 'debug', range: '>=0.7.4 <0.8.0', hasData: true }
163 silly addNameRange versions [ 'debug',
163 silly addNameRange   [ '0.0.1',
163 silly addNameRange     '0.1.0',
163 silly addNameRange     '0.2.0',
163 silly addNameRange     '0.3.0',
163 silly addNameRange     '0.4.0',
163 silly addNameRange     '0.4.1',
163 silly addNameRange     '0.5.0',
163 silly addNameRange     '0.6.0',
163 silly addNameRange     '0.7.0',
163 silly addNameRange     '0.7.1',
163 silly addNameRange     '0.7.2',
163 silly addNameRange     '0.7.3',
163 silly addNameRange     '0.7.4',
163 silly addNameRange     '0.8.0',
163 silly addNameRange     '0.8.1',
163 silly addNameRange     '1.0.0',
163 silly addNameRange     '1.0.1',
163 silly addNameRange     '1.0.2',
163 silly addNameRange     '1.0.3',
163 silly addNameRange     '1.0.4',
163 silly addNameRange     '2.0.0',
163 silly addNameRange     '2.1.0',
163 silly addNameRange     '2.1.1',
163 silly addNameRange     '2.1.2',
163 silly addNameRange     '2.1.3',
163 silly addNameRange     '2.2.0' ] ]
164 silly addNamed debug@0.7.4
165 verbose addNamed "0.7.4" is a plain semver version for debug
166 silly cache afterAdd debug@0.7.4
167 verbose afterAdd /Users/Vincent/.npm/debug/0.7.4/package/package.json not in flight; writing
168 verbose afterAdd /Users/Vincent/.npm/debug/0.7.4/package/package.json written
169 http 304 https://registry.npmjs.org/slug-component
170 silly get cb [ 304,
170 silly get   { date: 'Fri, 05 Jun 2015 13:58:39 GMT',
170 silly get     via: '1.1 varnish',
170 silly get     'cache-control': 'max-age=60',
170 silly get     etag: '"5B8AWDZSXRA5L49ACGJLV0AUX"',
170 silly get     age: '0',
170 silly get     connection: 'keep-alive',
170 silly get     'x-served-by': 'cache-ams4124-AMS',
170 silly get     'x-cache': 'MISS',
170 silly get     'x-cache-hits': '0',
170 silly get     'x-timer': 'S1433512719.505234,VS0,VE386',
170 silly get     vary: 'Accept' } ]
171 verbose etag https://registry.npmjs.org/slug-component from cache
172 verbose get saving slug-component to /Users/Vincent/.npm/registry.npmjs.org/slug-component/.cache.json
173 silly addNameRange number 2 { name: 'slug-component',
173 silly addNameRange   range: '>=1.1.0 <1.2.0',
173 silly addNameRange   hasData: true }
174 silly addNameRange versions [ 'slug-component', [ '0.0.1', '1.0.0', '1.1.0' ] ]
175 silly addNamed slug-component@1.1.0
176 verbose addNamed "1.1.0" is a plain semver version for slug-component
177 silly cache afterAdd slug-component@1.1.0
178 verbose afterAdd /Users/Vincent/.npm/slug-component/1.1.0/package/package.json not in flight; writing
179 verbose afterAdd /Users/Vincent/.npm/slug-component/1.1.0/package/package.json written
180 verbose about to build /Applications/MAMP/htdocs/DRAFT/metalsmith/examples/jekyll - copie/node_modules/metalsmith-permalinks
181 verbose unlock done using /Users/Vincent/.npm/_locks/metalsmith-permalinks-36aa1630dd2d6a82.lock for /Applications/MAMP/htdocs/DRAFT/metalsmith/examples/jekyll - copie/node_modules/metalsmith-permalinks
182 verbose stack Error: Command failed: git clone --template=/Users/Vincent/.npm/_git-remotes/_templates --mirror git://github.com/segmentio/substitute.git /Users/Vincent/.npm/_git-remotes/git-github-com-segmentio-substitute-git-af936ea6
182 verbose stack Cloning into bare repository '/Users/Vincent/.npm/_git-remotes/git-github-com-segmentio-substitute-git-af936ea6'...
182 verbose stack fatal: unable to connect to github.com:
182 verbose stack github.com[0: 192.30.252.130]: errno=Connection refused
182 verbose stack
182 verbose stack
182 verbose stack     at ChildProcess.exithandler (child_process.js:751:12)
182 verbose stack     at ChildProcess.emit (events.js:110:17)
182 verbose stack     at maybeClose (child_process.js:1015:16)
182 verbose stack     at Socket.<anonymous> (child_process.js:1183:11)
182 verbose stack     at Socket.emit (events.js:107:17)
182 verbose stack     at Pipe.close (net.js:485:12)
183 verbose cwd /Applications/MAMP/htdocs/DRAFT/metalsmith/examples/jekyll - copie
184 error Darwin 14.1.0
185 error argv "node" "/usr/local/bin/npm" "install"
186 error node v0.12.4
187 error npm  v2.10.1
188 error code 128
189 error Command failed: git clone --template=/Users/Vincent/.npm/_git-remotes/_templates --mirror git://github.com/segmentio/substitute.git /Users/Vincent/.npm/_git-remotes/git-github-com-segmentio-substitute-git-af936ea6
189 error Cloning into bare repository '/Users/Vincent/.npm/_git-remotes/git-github-com-segmentio-substitute-git-af936ea6'...
189 error fatal: unable to connect to github.com:
189 error github.com[0: 192.30.252.130]: errno=Connection refused
190 error If you need help, you may report this error at:
190 error     <https://github.com/npm/npm/issues>
191 verbose exit [ 1, true ]
192 verbose unbuild node_modules/metalsmith-permalinks
193 info preuninstall metalsmith-permalinks@0.1.3
194 info uninstall metalsmith-permalinks@0.1.3
195 verbose unbuild rmStuff metalsmith-permalinks@0.1.3 from /Applications/MAMP/htdocs/DRAFT/metalsmith/examples/jekyll - copie/node_modules
196 info postuninstall metalsmith-permalinks@0.1.3
197 silly gentlyRm /Applications/MAMP/htdocs/DRAFT/metalsmith/examples/jekyll - copie/node_modules/metalsmith-permalinks is being purged from base /Applications/MAMP/htdocs/DRAFT/metalsmith/examples/jekyll - copie
198 verbose gentlyRm don't care about contents; nuking /Applications/MAMP/htdocs/DRAFT/metalsmith/examples/jekyll - copie/node_modules/metalsmith-permalinks
199 silly vacuum-fs purging /Applications/MAMP/htdocs/DRAFT/metalsmith/examples/jekyll - copie/node_modules/metalsmith-permalinks
200 silly vacuum-fs quitting because other entries in /Applications/MAMP/htdocs/DRAFT/metalsmith/examples/jekyll - copie/node_modules
